<?xml version="1.0" encoding="UTF-8"?>
<!-- Generated by org.testng.reporters.JUnitReportReporter -->
<testsuite hostname="EPINPUNW03CD" failures="0" tests="10" name="TestScripts.CalculatorTest" time="0.019" errors="0" timestamp="2023-04-15T22:55:54 IST" skipped="0">
  <testcase classname="TestScripts.CalculatorTest" name="verifyIsNumberPositive" time="0.000"/>
  <system-out/>
  <testcase classname="TestScripts.CalculatorTest" name="addTest" time="0.000"/>
  <system-out/>
  <testcase classname="TestScripts.CalculatorTest" name="divideTest" time="0.001"/>
  <system-out/>
  <testcase classname="TestScripts.CalculatorTest" name="substractTest" time="0.001"/>
  <system-out/>
  <testcase classname="TestScripts.CalculatorTest" name="verifyIsNumberPositive" time="0.002"/>
  <system-out/>
  <testcase classname="TestScripts.CalculatorTest" name="divideTest" time="0.001"/>
  <system-out/>
  <testcase classname="TestScripts.CalculatorTest" name="multiplyTest" time="0.000"/>
  <system-out/>
  <testcase classname="TestScripts.CalculatorTest" name="substractTest" time="0.000"/>
  <system-out/>
  <testcase classname="TestScripts.CalculatorTest" name="addTest" time="0.013"/>
  <system-out/>
  <testcase classname="TestScripts.CalculatorTest" name="multiplyTest" time="0.001"/>
  <system-out/>
</testsuite> <!-- TestScripts.CalculatorTest -->
